2025-05-19T10:34:30.034+07:00  INFO 8975 --- [order-service] [main] com.ecommerce.order.OrderApplication     : Starting OrderApplication using Java 23.0.1 with PID 8975 (/Users/phucnguyen/udemy_Microservice_Embark/practiceCode/Ecom-Microservice-Modules/order/target/classes started by phucnguyen in /Users/phucnguyen/udemy_Microservice_Embark/practiceCode/Ecom-Microservice-Modules)
2025-05-19T10:34:30.035+07:00  INFO 8975 --- [order-service] [main] com.ecommerce.order.OrderApplication     : The following 1 profile is active: "default"
2025-05-19T10:34:30.087+07:00  INFO 8975 --- [order-service] [main] o.s.c.c.c.ConfigServerConfigDataLoader   : Fetching config from server at : http://localhost:8888
2025-05-19T10:34:30.087+07:00  INFO 8975 --- [order-service] [main] o.s.c.c.c.ConfigServerConfigDataLoader   : Located environment: name=order-service, profiles=[default], label=null, version=null, state=null
2025-05-19T10:34:30.921+07:00  INFO 8975 --- [order-service] [main] .s.d.r.c.RepositoryConfigurationDelegate : Bootstrapping Spring Data JPA repositories in DEFAULT mode.
2025-05-19T10:34:31.030+07:00  INFO 8975 --- [order-service] [main] .s.d.r.c.RepositoryConfigurationDelegate : Finished Spring Data repository scanning in 102 ms. Found 2 JPA repository interfaces.
2025-05-19T10:34:31.216+07:00  INFO 8975 --- [order-service] [main] faultConfiguringBeanFactoryPostProcessor : No bean named 'errorChannel' has been explicitly defined. Therefore, a default PublishSubscribeChannel will be created.
2025-05-19T10:34:31.222+07:00  INFO 8975 --- [order-service] [main] faultConfiguringBeanFactoryPostProcessor : No bean named 'integrationHeaderChannelRegistry' has been explicitly defined. Therefore, a default DefaultHeaderChannelRegistry will be created.
2025-05-19T10:34:31.292+07:00  INFO 8975 --- [order-service] [main] o.s.cloud.context.scope.GenericScope     : BeanFactory id=f3fd511a-f5ae-3909-bb37-1971ea1ea7f0
2025-05-19T10:34:32.027+07:00  INFO 8975 --- [order-service] [main] o.s.b.w.embedded.tomcat.TomcatWebServer  : Tomcat initialized with port 8083 (http)
2025-05-19T10:34:32.039+07:00  INFO 8975 --- [order-service] [main] o.apache.catalina.core.StandardService   : Starting service [Tomcat]
2025-05-19T10:34:32.039+07:00  INFO 8975 --- [order-service] [main] o.apache.catalina.core.StandardEngine    : Starting Servlet engine: [Apache Tomcat/10.1.40]
2025-05-19T10:34:32.135+07:00  INFO 8975 --- [order-service] [main] o.a.c.c.C.[Tomcat].[localhost].[/]       : Initializing Spring embedded WebApplicationContext
2025-05-19T10:34:32.136+07:00  INFO 8975 --- [order-service] [main] w.s.c.ServletWebServerApplicationContext : Root WebApplicationContext: initialization completed in 2048 ms
2025-05-19T10:34:32.743+07:00  INFO 8975 --- [order-service] [main] o.hibernate.jpa.internal.util.LogHelper  : HHH000204: Processing PersistenceUnitInfo [name: default]
2025-05-19T10:34:32.821+07:00  INFO 8975 --- [order-service] [main] org.hibernate.Version                    : HHH000412: Hibernate ORM core version 6.6.13.Final
2025-05-19T10:34:32.855+07:00  INFO 8975 --- [order-service] [main] o.h.c.internal.RegionFactoryInitiator    : HHH000026: Second-level cache disabled
2025-05-19T10:34:33.083+07:00  INFO 8975 --- [order-service] [main] o.s.o.j.p.SpringPersistenceUnitInfo      : No LoadTimeWeaver setup: ignoring JPA class transformer
2025-05-19T10:34:33.102+07:00  INFO 8975 --- [order-service] [main] com.zaxxer.hikari.HikariDataSource       : HikariPool-1 - Starting...
2025-05-19T10:34:33.404+07:00  INFO 8975 --- [order-service] [main] com.zaxxer.hikari.pool.HikariPool        : HikariPool-1 - Added connection org.postgresql.jdbc.PgConnection@524418a2
2025-05-19T10:34:33.405+07:00  INFO 8975 --- [order-service] [main] com.zaxxer.hikari.HikariDataSource       : HikariPool-1 - Start completed.
2025-05-19T10:34:33.522+07:00  WARN 8975 --- [order-service] [main] org.hibernate.orm.deprecation            : HHH90000025: PostgreSQLDialect does not need to be specified explicitly using 'hibernate.dialect' (remove the property setting and it will be selected by default)
2025-05-19T10:34:33.567+07:00  INFO 8975 --- [order-service] [main] org.hibernate.orm.connections.pooling    : HHH10001005: Database info:
	Database JDBC URL [Connecting through datasource 'HikariDataSource (HikariPool-1)']
	Database driver: undefined/unknown
	Database version: 14.18
	Autocommit mode: undefined/unknown
	Isolation level: undefined/unknown
	Minimum pool size: undefined/unknown
	Maximum pool size: undefined/unknown
2025-05-19T10:34:34.923+07:00  INFO 8975 --- [order-service] [main] o.h.e.t.j.p.i.JtaPlatformInitiator       : HHH000489: No JTA platform available (set 'hibernate.transaction.jta.platform' to enable JTA platform integration)
2025-05-19T10:34:36.424+07:00  INFO 8975 --- [order-service] [main] j.LocalContainerEntityManagerFactoryBean : Initialized JPA EntityManagerFactory for persistence unit 'default'
2025-05-19T10:34:36.972+07:00  WARN 8975 --- [order-service] [main] JpaBaseConfiguration$JpaWebConfiguration : spring.jpa.open-in-view is enabled by default. Therefore, database queries may be performed during view rendering. Explicitly configure spring.jpa.open-in-view to disable this warning
2025-05-19T10:34:38.216+07:00  INFO 8975 --- [order-service] [main] o.s.c.s.m.DirectWithAttributesChannel    : Channel 'order-service.springCloudBusInput' has 1 subscriber(s).
2025-05-19T10:34:38.634+07:00  INFO 8975 --- [order-service] [main] o.s.b.a.e.web.EndpointLinksResolver      : Exposing 25 endpoints beneath base path '/actuator'
2025-05-19T10:34:38.820+07:00  INFO 8975 --- [order-service] [main] figuration$IntegrationJmxConfiguration$1 : Registering MessageChannel errorChannel
2025-05-19T10:34:38.834+07:00  INFO 8975 --- [order-service] [main] figuration$IntegrationJmxConfiguration$1 : Registering MessageChannel springCloudBusInput
2025-05-19T10:34:38.841+07:00  INFO 8975 --- [order-service] [main] figuration$IntegrationJmxConfiguration$1 : Registering MessageChannel nullChannel
2025-05-19T10:34:38.851+07:00  INFO 8975 --- [order-service] [main] figuration$IntegrationJmxConfiguration$1 : Registering MessageHandler _org.springframework.integration.errorLogger
2025-05-19T10:34:38.870+07:00  INFO 8975 --- [order-service] [main] o.s.i.endpoint.EventDrivenConsumer       : Adding {logging-channel-adapter:_org.springframework.integration.errorLogger} as a subscriber to the 'errorChannel' channel
2025-05-19T10:34:38.870+07:00  INFO 8975 --- [order-service] [main] o.s.i.channel.PublishSubscribeChannel    : Channel 'order-service.errorChannel' has 1 subscriber(s).
2025-05-19T10:34:38.871+07:00  INFO 8975 --- [order-service] [main] o.s.i.endpoint.EventDrivenConsumer       : started bean '_org.springframework.integration.errorLogger'
2025-05-19T10:34:38.928+07:00  INFO 8975 --- [order-service] [main] o.s.c.s.binder.DefaultBinderFactory      : Creating binder: rabbit
2025-05-19T10:34:38.928+07:00  INFO 8975 --- [order-service] [main] o.s.c.s.binder.DefaultBinderFactory      : Constructing binder child context for rabbit
2025-05-19T10:34:39.015+07:00  INFO 8975 --- [order-service] [main] o.s.c.s.binder.DefaultBinderFactory      : Caching the binder: rabbit
2025-05-19T10:34:39.036+07:00  INFO 8975 --- [order-service] [main] c.s.b.r.p.RabbitExchangeQueueProvisioner : declaring queue for inbound: springCloudBus.anonymous.pD-_GbKDReyQaENAxoafpw, bound to: springCloudBus
2025-05-19T10:34:39.039+07:00  INFO 8975 --- [order-service] [main] o.s.a.r.c.CachingConnectionFactory       : Attempting to connect to: [localhost:5672]
2025-05-19T10:34:39.141+07:00  INFO 8975 --- [order-service] [main] o.s.a.r.c.CachingConnectionFactory       : Created new connection: rabbitConnectionFactory#5ca012a6:0/SimpleConnection@1fc48b16 [delegate=amqp://guest@127.0.0.1:5672/, localPort=53666]
2025-05-19T10:34:39.220+07:00  INFO 8975 --- [order-service] [main] o.s.c.stream.binder.BinderErrorChannel   : Channel 'rabbit-1301782390.springCloudBusInput.errors' has 1 subscriber(s).
2025-05-19T10:34:39.221+07:00  INFO 8975 --- [order-service] [main] o.s.c.stream.binder.BinderErrorChannel   : Channel 'rabbit-1301782390.springCloudBusInput.errors' has 2 subscriber(s).
2025-05-19T10:34:39.239+07:00  INFO 8975 --- [order-service] [main] o.s.i.a.i.AmqpInboundChannelAdapter      : started bean 'inbound.springCloudBus.anonymous.pD-_GbKDReyQaENAxoafpw'
2025-05-19T10:34:39.253+07:00  INFO 8975 --- [order-service] [main] o.s.b.w.embedded.tomcat.TomcatWebServer  : Tomcat started on port 8083 (http) with context path '/'
2025-05-19T10:34:39.281+07:00  INFO 8975 --- [order-service] [main] figuration$IntegrationJmxConfiguration$1 : Registering MessageChannel rabbit-1301782390.springCloudBusInput.errors
2025-05-19T10:34:39.313+07:00  INFO 8975 --- [order-service] [main] com.ecommerce.order.OrderApplication     : Started OrderApplication in 10.516 seconds (process running for 11.885)
2025-05-19T10:34:39.652+07:00  INFO 8975 --- [order-service] [RMI TCP Connection(3)-127.0.0.1] o.a.c.c.C.[Tomcat].[localhost].[/]       : Initializing Spring DispatcherServlet 'dispatcherServlet'
2025-05-19T10:34:39.655+07:00  INFO 8975 --- [order-service] [RMI TCP Connection(3)-127.0.0.1] o.s.web.servlet.DispatcherServlet        : Initializing Servlet 'dispatcherServlet'
2025-05-19T10:34:39.659+07:00  INFO 8975 --- [order-service] [RMI TCP Connection(3)-127.0.0.1] o.s.web.servlet.DispatcherServlet        : Completed initialization in 4 ms
2025-05-19T11:18:28.033+07:00  WARN 8975 --- [order-service] [HikariPool-1 housekeeper] com.zaxxer.hikari.pool.HikariPool        : HikariPool-1 - Thread starvation or clock leap detected (housekeeper delta=15m14s687ms).
2025-05-19T11:51:56.653+07:00  INFO 8975 --- [order-service] [SpringApplicationShutdownHook] o.s.b.w.e.tomcat.GracefulShutdown        : Commencing graceful shutdown. Waiting for active requests to complete
2025-05-19T11:51:56.743+07:00  INFO 8975 --- [order-service] [tomcat-shutdown] o.s.b.w.e.tomcat.GracefulShutdown        : Graceful shutdown complete
2025-05-19T11:51:57.074+07:00  INFO 8975 --- [order-service] [SpringApplicationShutdownHook] o.s.a.r.l.SimpleMessageListenerContainer : Waiting for workers to finish.
2025-05-19T11:51:57.074+07:00  INFO 8975 --- [order-service] [SpringApplicationShutdownHook] o.s.a.r.l.SimpleMessageListenerContainer : Successfully waited for workers to finish.
2025-05-19T11:51:57.092+07:00  INFO 8975 --- [order-service] [SpringApplicationShutdownHook] o.s.i.a.i.AmqpInboundChannelAdapter      : stopped bean 'inbound.springCloudBus.anonymous.pD-_GbKDReyQaENAxoafpw'
2025-05-19T11:51:57.149+07:00  INFO 8975 --- [order-service] [SpringApplicationShutdownHook] o.s.c.stream.binder.BinderErrorChannel   : Channel 'order-service.rabbit-1301782390.springCloudBusInput.errors' has 1 subscriber(s).
2025-05-19T11:51:57.161+07:00  INFO 8975 --- [order-service] [SpringApplicationShutdownHook] o.s.c.stream.binder.BinderErrorChannel   : Channel 'order-service.rabbit-1301782390.springCloudBusInput.errors' has 0 subscriber(s).
2025-05-19T11:51:58.192+07:00  INFO 8975 --- [order-service] [SpringApplicationShutdownHook] o.s.i.endpoint.EventDrivenConsumer       : Removing {logging-channel-adapter:_org.springframework.integration.errorLogger} as a subscriber to the 'errorChannel' channel
2025-05-19T11:51:58.486+07:00  INFO 8975 --- [order-service] [SpringApplicationShutdownHook] o.s.i.channel.PublishSubscribeChannel    : Channel 'order-service.errorChannel' has 0 subscriber(s).
2025-05-19T11:51:58.491+07:00  INFO 8975 --- [order-service] [SpringApplicationShutdownHook] o.s.i.endpoint.EventDrivenConsumer       : stopped bean '_org.springframework.integration.errorLogger'
2025-05-19T11:51:58.593+07:00  INFO 8975 --- [order-service] [SpringApplicationShutdownHook] j.LocalContainerEntityManagerFactoryBean : Closing JPA EntityManagerFactory for persistence unit 'default'
2025-05-19T11:51:58.694+07:00  INFO 8975 --- [order-service] [SpringApplicationShutdownHook] com.zaxxer.hikari.HikariDataSource       : HikariPool-1 - Shutdown initiated...
2025-05-19T11:51:58.746+07:00  INFO 8975 --- [order-service] [SpringApplicationShutdownHook] com.zaxxer.hikari.HikariDataSource       : HikariPool-1 - Shutdown completed.
2025-05-19T11:52:09.060+07:00  INFO 13576 --- [order-service] [main] com.ecommerce.order.OrderApplication     : Starting OrderApplication using Java 23.0.1 with PID 13576 (/Users/phucnguyen/udemy_Microservice_Embark/practiceCode/Ecom-Microservice-Modules/order/target/classes started by phucnguyen in /Users/phucnguyen/udemy_Microservice_Embark/practiceCode/Ecom-Microservice-Modules)
2025-05-19T11:52:09.063+07:00  INFO 13576 --- [order-service] [main] com.ecommerce.order.OrderApplication     : The following 1 profile is active: "default"
2025-05-19T11:52:09.114+07:00  INFO 13576 --- [order-service] [main] o.s.c.c.c.ConfigServerConfigDataLoader   : Fetching config from server at : http://localhost:8888
2025-05-19T11:52:09.114+07:00  INFO 13576 --- [order-service] [main] o.s.c.c.c.ConfigServerConfigDataLoader   : Located environment: name=order-service, profiles=[default], label=null, version=null, state=null
2025-05-19T11:52:10.133+07:00  INFO 13576 --- [order-service] [main] .s.d.r.c.RepositoryConfigurationDelegate : Bootstrapping Spring Data JPA repositories in DEFAULT mode.
2025-05-19T11:52:10.241+07:00  INFO 13576 --- [order-service] [main] .s.d.r.c.RepositoryConfigurationDelegate : Finished Spring Data repository scanning in 102 ms. Found 2 JPA repository interfaces.
2025-05-19T11:52:10.311+07:00  INFO 13576 --- [order-service] [main] faultConfiguringBeanFactoryPostProcessor : No bean named 'errorChannel' has been explicitly defined. Therefore, a default PublishSubscribeChannel will be created.
2025-05-19T11:52:10.316+07:00  INFO 13576 --- [order-service] [main] faultConfiguringBeanFactoryPostProcessor : No bean named 'integrationHeaderChannelRegistry' has been explicitly defined. Therefore, a default DefaultHeaderChannelRegistry will be created.
2025-05-19T11:52:10.378+07:00  INFO 13576 --- [order-service] [main] o.s.cloud.context.scope.GenericScope     : BeanFactory id=f3fd511a-f5ae-3909-bb37-1971ea1ea7f0
2025-05-19T11:52:10.849+07:00  INFO 13576 --- [order-service] [main] o.s.b.w.embedded.tomcat.TomcatWebServer  : Tomcat initialized with port 8083 (http)
2025-05-19T11:52:10.865+07:00  INFO 13576 --- [order-service] [main] o.apache.catalina.core.StandardService   : Starting service [Tomcat]
2025-05-19T11:52:10.866+07:00  INFO 13576 --- [order-service] [main] o.apache.catalina.core.StandardEngine    : Starting Servlet engine: [Apache Tomcat/10.1.40]
2025-05-19T11:52:10.944+07:00  INFO 13576 --- [order-service] [main] o.a.c.c.C.[Tomcat].[localhost].[/]       : Initializing Spring embedded WebApplicationContext
2025-05-19T11:52:10.944+07:00  INFO 13576 --- [order-service] [main] w.s.c.ServletWebServerApplicationContext : Root WebApplicationContext: initialization completed in 1829 ms
2025-05-19T11:52:11.425+07:00  INFO 13576 --- [order-service] [main] o.hibernate.jpa.internal.util.LogHelper  : HHH000204: Processing PersistenceUnitInfo [name: default]
2025-05-19T11:52:11.474+07:00  INFO 13576 --- [order-service] [main] org.hibernate.Version                    : HHH000412: Hibernate ORM core version 6.6.13.Final
2025-05-19T11:52:11.501+07:00  INFO 13576 --- [order-service] [main] o.h.c.internal.RegionFactoryInitiator    : HHH000026: Second-level cache disabled
2025-05-19T11:52:11.763+07:00  INFO 13576 --- [order-service] [main] o.s.o.j.p.SpringPersistenceUnitInfo      : No LoadTimeWeaver setup: ignoring JPA class transformer
2025-05-19T11:52:11.779+07:00  INFO 13576 --- [order-service] [main] com.zaxxer.hikari.HikariDataSource       : HikariPool-1 - Starting...
2025-05-19T11:52:11.900+07:00  INFO 13576 --- [order-service] [main] com.zaxxer.hikari.pool.HikariPool        : HikariPool-1 - Added connection org.postgresql.jdbc.PgConnection@5b4ce00
2025-05-19T11:52:11.901+07:00  INFO 13576 --- [order-service] [main] com.zaxxer.hikari.HikariDataSource       : HikariPool-1 - Start completed.
2025-05-19T11:52:11.973+07:00  WARN 13576 --- [order-service] [main] org.hibernate.orm.deprecation            : HHH90000025: PostgreSQLDialect does not need to be specified explicitly using 'hibernate.dialect' (remove the property setting and it will be selected by default)
2025-05-19T11:52:11.987+07:00  INFO 13576 --- [order-service] [main] org.hibernate.orm.connections.pooling    : HHH10001005: Database info:
	Database JDBC URL [Connecting through datasource 'HikariDataSource (HikariPool-1)']
	Database driver: undefined/unknown
	Database version: 14.18
	Autocommit mode: undefined/unknown
	Isolation level: undefined/unknown
	Minimum pool size: undefined/unknown
	Maximum pool size: undefined/unknown
2025-05-19T11:52:12.609+07:00  INFO 13576 --- [order-service] [main] o.h.e.t.j.p.i.JtaPlatformInitiator       : HHH000489: No JTA platform available (set 'hibernate.transaction.jta.platform' to enable JTA platform integration)
2025-05-19T11:52:13.218+07:00  INFO 13576 --- [order-service] [main] j.LocalContainerEntityManagerFactoryBean : Initialized JPA EntityManagerFactory for persistence unit 'default'
2025-05-19T11:52:13.558+07:00  WARN 13576 --- [order-service] [main] JpaBaseConfiguration$JpaWebConfiguration : spring.jpa.open-in-view is enabled by default. Therefore, database queries may be performed during view rendering. Explicitly configure spring.jpa.open-in-view to disable this warning
2025-05-19T11:52:14.170+07:00  INFO 13576 --- [order-service] [main] o.s.c.s.m.DirectWithAttributesChannel    : Channel 'order-service.springCloudBusInput' has 1 subscriber(s).
2025-05-19T11:52:14.330+07:00  INFO 13576 --- [order-service] [main] o.s.b.a.e.web.EndpointLinksResolver      : Exposing 25 endpoints beneath base path '/actuator'
2025-05-19T11:52:14.439+07:00  INFO 13576 --- [order-service] [main] figuration$IntegrationJmxConfiguration$1 : Registering MessageChannel errorChannel
2025-05-19T11:52:14.442+07:00  INFO 13576 --- [order-service] [main] figuration$IntegrationJmxConfiguration$1 : Registering MessageChannel springCloudBusInput
2025-05-19T11:52:14.445+07:00  INFO 13576 --- [order-service] [main] figuration$IntegrationJmxConfiguration$1 : Registering MessageChannel nullChannel
2025-05-19T11:52:14.449+07:00  INFO 13576 --- [order-service] [main] figuration$IntegrationJmxConfiguration$1 : Registering MessageHandler _org.springframework.integration.errorLogger
2025-05-19T11:52:14.455+07:00  INFO 13576 --- [order-service] [main] o.s.i.endpoint.EventDrivenConsumer       : Adding {logging-channel-adapter:_org.springframework.integration.errorLogger} as a subscriber to the 'errorChannel' channel
2025-05-19T11:52:14.455+07:00  INFO 13576 --- [order-service] [main] o.s.i.channel.PublishSubscribeChannel    : Channel 'order-service.errorChannel' has 1 subscriber(s).
2025-05-19T11:52:14.455+07:00  INFO 13576 --- [order-service] [main] o.s.i.endpoint.EventDrivenConsumer       : started bean '_org.springframework.integration.errorLogger'
2025-05-19T11:52:14.481+07:00  INFO 13576 --- [order-service] [main] o.s.c.s.binder.DefaultBinderFactory      : Creating binder: rabbit
2025-05-19T11:52:14.481+07:00  INFO 13576 --- [order-service] [main] o.s.c.s.binder.DefaultBinderFactory      : Constructing binder child context for rabbit
2025-05-19T11:52:14.531+07:00  INFO 13576 --- [order-service] [main] o.s.c.s.binder.DefaultBinderFactory      : Caching the binder: rabbit
2025-05-19T11:52:14.551+07:00  INFO 13576 --- [order-service] [main] c.s.b.r.p.RabbitExchangeQueueProvisioner : declaring queue for inbound: springCloudBus.anonymous.UQcRHaK0Q5WKl58KFD1e8A, bound to: springCloudBus
2025-05-19T11:52:14.553+07:00  INFO 13576 --- [order-service] [main] o.s.a.r.c.CachingConnectionFactory       : Attempting to connect to: [localhost:5672]
2025-05-19T11:52:14.692+07:00  INFO 13576 --- [order-service] [main] o.s.a.r.c.CachingConnectionFactory       : Created new connection: rabbitConnectionFactory#579e8a7:0/SimpleConnection@2ce028fa [delegate=amqp://guest@127.0.0.1:5672/, localPort=62376]
2025-05-19T11:52:14.818+07:00  INFO 13576 --- [order-service] [main] o.s.c.stream.binder.BinderErrorChannel   : Channel 'rabbit-1318038292.springCloudBusInput.errors' has 1 subscriber(s).
2025-05-19T11:52:14.818+07:00  INFO 13576 --- [order-service] [main] o.s.c.stream.binder.BinderErrorChannel   : Channel 'rabbit-1318038292.springCloudBusInput.errors' has 2 subscriber(s).
2025-05-19T11:52:14.835+07:00  INFO 13576 --- [order-service] [main] o.s.i.a.i.AmqpInboundChannelAdapter      : started bean 'inbound.springCloudBus.anonymous.UQcRHaK0Q5WKl58KFD1e8A'
2025-05-19T11:52:14.846+07:00  INFO 13576 --- [order-service] [main] o.s.b.w.embedded.tomcat.TomcatWebServer  : Tomcat started on port 8083 (http) with context path '/'
2025-05-19T11:52:14.873+07:00  INFO 13576 --- [order-service] [main] figuration$IntegrationJmxConfiguration$1 : Registering MessageChannel rabbit-1318038292.springCloudBusInput.errors
2025-05-19T11:52:14.896+07:00  INFO 13576 --- [order-service] [main] com.ecommerce.order.OrderApplication     : Started OrderApplication in 7.962 seconds (process running for 9.159)
2025-05-19T11:52:15.134+07:00  INFO 13576 --- [order-service] [RMI TCP Connection(2)-127.0.0.1] o.a.c.c.C.[Tomcat].[localhost].[/]       : Initializing Spring DispatcherServlet 'dispatcherServlet'
2025-05-19T11:52:15.135+07:00  INFO 13576 --- [order-service] [RMI TCP Connection(2)-127.0.0.1] o.s.web.servlet.DispatcherServlet        : Initializing Servlet 'dispatcherServlet'
2025-05-19T11:52:15.138+07:00  INFO 13576 --- [order-service] [RMI TCP Connection(2)-127.0.0.1] o.s.web.servlet.DispatcherServlet        : Completed initialization in 3 ms
2025-05-19T12:15:55.701+07:00  INFO 13576 --- [order-service] [SpringApplicationShutdownHook] o.s.b.w.e.tomcat.GracefulShutdown        : Commencing graceful shutdown. Waiting for active requests to complete
2025-05-19T12:15:55.898+07:00  INFO 13576 --- [order-service] [tomcat-shutdown] o.s.b.w.e.tomcat.GracefulShutdown        : Graceful shutdown complete
2025-05-19T12:15:56.182+07:00  INFO 13576 --- [order-service] [SpringApplicationShutdownHook] o.s.a.r.l.SimpleMessageListenerContainer : Waiting for workers to finish.
2025-05-19T12:15:56.399+07:00  INFO 13576 --- [order-service] [SpringApplicationShutdownHook] o.s.a.r.l.SimpleMessageListenerContainer : Successfully waited for workers to finish.
2025-05-19T12:15:56.431+07:00  INFO 13576 --- [order-service] [SpringApplicationShutdownHook] o.s.i.a.i.AmqpInboundChannelAdapter      : stopped bean 'inbound.springCloudBus.anonymous.UQcRHaK0Q5WKl58KFD1e8A'
2025-05-19T12:15:56.509+07:00  INFO 13576 --- [order-service] [SpringApplicationShutdownHook] o.s.c.stream.binder.BinderErrorChannel   : Channel 'order-service.rabbit-1318038292.springCloudBusInput.errors' has 1 subscriber(s).
2025-05-19T12:15:56.530+07:00  INFO 13576 --- [order-service] [SpringApplicationShutdownHook] o.s.c.stream.binder.BinderErrorChannel   : Channel 'order-service.rabbit-1318038292.springCloudBusInput.errors' has 0 subscriber(s).
2025-05-19T12:15:57.238+07:00  INFO 13576 --- [order-service] [SpringApplicationShutdownHook] o.s.i.endpoint.EventDrivenConsumer       : Removing {logging-channel-adapter:_org.springframework.integration.errorLogger} as a subscriber to the 'errorChannel' channel
2025-05-19T12:15:57.239+07:00  INFO 13576 --- [order-service] [SpringApplicationShutdownHook] o.s.i.channel.PublishSubscribeChannel    : Channel 'order-service.errorChannel' has 0 subscriber(s).
2025-05-19T12:15:57.240+07:00  INFO 13576 --- [order-service] [SpringApplicationShutdownHook] o.s.i.endpoint.EventDrivenConsumer       : stopped bean '_org.springframework.integration.errorLogger'
2025-05-19T12:15:57.344+07:00  INFO 13576 --- [order-service] [SpringApplicationShutdownHook] j.LocalContainerEntityManagerFactoryBean : Closing JPA EntityManagerFactory for persistence unit 'default'
2025-05-19T12:15:57.466+07:00  INFO 13576 --- [order-service] [SpringApplicationShutdownHook] com.zaxxer.hikari.HikariDataSource       : HikariPool-1 - Shutdown initiated...
2025-05-19T12:15:57.504+07:00  INFO 13576 --- [order-service] [SpringApplicationShutdownHook] com.zaxxer.hikari.HikariDataSource       : HikariPool-1 - Shutdown completed.
