2025-05-19T10:37:09.543+07:00  INFO 9158 --- [product-service] [main] c.ecommerce.product.ProductApplication   : Starting ProductApplication using Java 23.0.1 with PID 9158 (/Users/phucnguyen/udemy_Microservice_Embark/practiceCode/Ecom-Microservice-Modules/product/target/classes started by phucnguyen in /Users/phucnguyen/udemy_Microservice_Embark/practiceCode/Ecom-Microservice-Modules)
2025-05-19T10:37:09.544+07:00  INFO 9158 --- [product-service] [main] c.ecommerce.product.ProductApplication   : No active profile set, falling back to 1 default profile: "default"
2025-05-19T10:37:09.569+07:00  INFO 9158 --- [product-service] [main] o.s.c.c.c.ConfigServerConfigDataLoader   : Fetching config from server at : http://localhost:8888
2025-05-19T10:37:09.569+07:00  INFO 9158 --- [product-service] [main] o.s.c.c.c.ConfigServerConfigDataLoader   : Located environment: name=product-service, profiles=[default], label=null, version=null, state=null
2025-05-19T10:37:10.138+07:00  INFO 9158 --- [product-service] [main] .s.d.r.c.RepositoryConfigurationDelegate : Bootstrapping Spring Data JPA repositories in DEFAULT mode.
2025-05-19T10:37:10.213+07:00  INFO 9158 --- [product-service] [main] .s.d.r.c.RepositoryConfigurationDelegate : Finished Spring Data repository scanning in 70 ms. Found 1 JPA repository interface.
2025-05-19T10:37:10.270+07:00  INFO 9158 --- [product-service] [main] faultConfiguringBeanFactoryPostProcessor : No bean named 'errorChannel' has been explicitly defined. Therefore, a default PublishSubscribeChannel will be created.
2025-05-19T10:37:10.274+07:00  INFO 9158 --- [product-service] [main] faultConfiguringBeanFactoryPostProcessor : No bean named 'integrationHeaderChannelRegistry' has been explicitly defined. Therefore, a default DefaultHeaderChannelRegistry will be created.
2025-05-19T10:37:10.320+07:00  INFO 9158 --- [product-service] [main] o.s.cloud.context.scope.GenericScope     : BeanFactory id=48c1af7f-7d1a-368c-99f3-b8a5e1279646
2025-05-19T10:37:10.666+07:00  INFO 9158 --- [product-service] [main] o.s.b.w.embedded.tomcat.TomcatWebServer  : Tomcat initialized with port 8081 (http)
2025-05-19T10:37:10.674+07:00  INFO 9158 --- [product-service] [main] o.apache.catalina.core.StandardService   : Starting service [Tomcat]
2025-05-19T10:37:10.674+07:00  INFO 9158 --- [product-service] [main] o.apache.catalina.core.StandardEngine    : Starting Servlet engine: [Apache Tomcat/10.1.40]
2025-05-19T10:37:10.704+07:00  INFO 9158 --- [product-service] [main] o.a.c.c.C.[Tomcat].[localhost].[/]       : Initializing Spring embedded WebApplicationContext
2025-05-19T10:37:10.704+07:00  INFO 9158 --- [product-service] [main] w.s.c.ServletWebServerApplicationContext : Root WebApplicationContext: initialization completed in 1134 ms
2025-05-19T10:37:10.878+07:00  INFO 9158 --- [product-service] [main] o.hibernate.jpa.internal.util.LogHelper  : HHH000204: Processing PersistenceUnitInfo [name: default]
2025-05-19T10:37:10.911+07:00  INFO 9158 --- [product-service] [main] org.hibernate.Version                    : HHH000412: Hibernate ORM core version 6.6.13.Final
2025-05-19T10:37:10.927+07:00  INFO 9158 --- [product-service] [main] o.h.c.internal.RegionFactoryInitiator    : HHH000026: Second-level cache disabled
2025-05-19T10:37:11.048+07:00  INFO 9158 --- [product-service] [main] o.s.o.j.p.SpringPersistenceUnitInfo      : No LoadTimeWeaver setup: ignoring JPA class transformer
2025-05-19T10:37:11.061+07:00  INFO 9158 --- [product-service] [main] com.zaxxer.hikari.HikariDataSource       : HikariPool-1 - Starting...
2025-05-19T10:37:11.233+07:00  INFO 9158 --- [product-service] [main] com.zaxxer.hikari.pool.HikariPool        : HikariPool-1 - Added connection org.postgresql.jdbc.PgConnection@7e1ce99c
2025-05-19T10:37:11.234+07:00  INFO 9158 --- [product-service] [main] com.zaxxer.hikari.HikariDataSource       : HikariPool-1 - Start completed.
2025-05-19T10:37:11.309+07:00  WARN 9158 --- [product-service] [main] org.hibernate.orm.deprecation            : HHH90000025: PostgreSQLDialect does not need to be specified explicitly using 'hibernate.dialect' (remove the property setting and it will be selected by default)
2025-05-19T10:37:11.323+07:00  INFO 9158 --- [product-service] [main] org.hibernate.orm.connections.pooling    : HHH10001005: Database info:
	Database JDBC URL [Connecting through datasource 'HikariDataSource (HikariPool-1)']
	Database driver: undefined/unknown
	Database version: 14.18
	Autocommit mode: undefined/unknown
	Isolation level: undefined/unknown
	Minimum pool size: undefined/unknown
	Maximum pool size: undefined/unknown
2025-05-19T10:37:11.769+07:00  INFO 9158 --- [product-service] [main] o.h.e.t.j.p.i.JtaPlatformInitiator       : HHH000489: No JTA platform available (set 'hibernate.transaction.jta.platform' to enable JTA platform integration)
2025-05-19T10:37:11.882+07:00  INFO 9158 --- [product-service] [main] j.LocalContainerEntityManagerFactoryBean : Initialized JPA EntityManagerFactory for persistence unit 'default'
2025-05-19T10:37:12.018+07:00  INFO 9158 --- [product-service] [main] o.s.d.j.r.query.QueryEnhancerFactory     : Hibernate is in classpath; If applicable, HQL parser will be used.
2025-05-19T10:37:12.554+07:00  WARN 9158 --- [product-service] [main] JpaBaseConfiguration$JpaWebConfiguration : spring.jpa.open-in-view is enabled by default. Therefore, database queries may be performed during view rendering. Explicitly configure spring.jpa.open-in-view to disable this warning
2025-05-19T10:37:13.129+07:00  INFO 9158 --- [product-service] [main] o.s.c.s.m.DirectWithAttributesChannel    : Channel 'product-service.springCloudBusInput' has 1 subscriber(s).
2025-05-19T10:37:13.278+07:00  INFO 9158 --- [product-service] [main] o.s.b.a.e.web.EndpointLinksResolver      : Exposing 25 endpoints beneath base path '/actuator'
2025-05-19T10:37:13.375+07:00  INFO 9158 --- [product-service] [main] figuration$IntegrationJmxConfiguration$1 : Registering MessageChannel errorChannel
2025-05-19T10:37:13.379+07:00  INFO 9158 --- [product-service] [main] figuration$IntegrationJmxConfiguration$1 : Registering MessageChannel springCloudBusInput
2025-05-19T10:37:13.381+07:00  INFO 9158 --- [product-service] [main] figuration$IntegrationJmxConfiguration$1 : Registering MessageChannel nullChannel
2025-05-19T10:37:13.385+07:00  INFO 9158 --- [product-service] [main] figuration$IntegrationJmxConfiguration$1 : Registering MessageHandler _org.springframework.integration.errorLogger
2025-05-19T10:37:13.390+07:00  INFO 9158 --- [product-service] [main] o.s.i.endpoint.EventDrivenConsumer       : Adding {logging-channel-adapter:_org.springframework.integration.errorLogger} as a subscriber to the 'errorChannel' channel
2025-05-19T10:37:13.390+07:00  INFO 9158 --- [product-service] [main] o.s.i.channel.PublishSubscribeChannel    : Channel 'product-service.errorChannel' has 1 subscriber(s).
2025-05-19T10:37:13.390+07:00  INFO 9158 --- [product-service] [main] o.s.i.endpoint.EventDrivenConsumer       : started bean '_org.springframework.integration.errorLogger'
2025-05-19T10:37:13.415+07:00  INFO 9158 --- [product-service] [main] o.s.c.s.binder.DefaultBinderFactory      : Creating binder: rabbit
2025-05-19T10:37:13.415+07:00  INFO 9158 --- [product-service] [main] o.s.c.s.binder.DefaultBinderFactory      : Constructing binder child context for rabbit
2025-05-19T10:37:13.473+07:00  INFO 9158 --- [product-service] [main] o.s.c.s.binder.DefaultBinderFactory      : Caching the binder: rabbit
2025-05-19T10:37:13.490+07:00  INFO 9158 --- [product-service] [main] c.s.b.r.p.RabbitExchangeQueueProvisioner : declaring queue for inbound: springCloudBus.anonymous.03xq9EQrSESgZT5W9qEuYw, bound to: springCloudBus
2025-05-19T10:37:13.492+07:00  INFO 9158 --- [product-service] [main] o.s.a.r.c.CachingConnectionFactory       : Attempting to connect to: [localhost:5672]
2025-05-19T10:37:13.567+07:00  INFO 9158 --- [product-service] [main] o.s.a.r.c.CachingConnectionFactory       : Created new connection: rabbitConnectionFactory#10bcceb5:0/SimpleConnection@216ccf2c [delegate=amqp://guest@127.0.0.1:5672/, localPort=53721]
2025-05-19T10:37:13.650+07:00  INFO 9158 --- [product-service] [main] o.s.c.stream.binder.BinderErrorChannel   : Channel 'rabbit-1635802595.springCloudBusInput.errors' has 1 subscriber(s).
2025-05-19T10:37:13.650+07:00  INFO 9158 --- [product-service] [main] o.s.c.stream.binder.BinderErrorChannel   : Channel 'rabbit-1635802595.springCloudBusInput.errors' has 2 subscriber(s).
2025-05-19T10:37:13.665+07:00  INFO 9158 --- [product-service] [main] o.s.i.a.i.AmqpInboundChannelAdapter      : started bean 'inbound.springCloudBus.anonymous.03xq9EQrSESgZT5W9qEuYw'
2025-05-19T10:37:13.677+07:00  INFO 9158 --- [product-service] [main] o.s.b.w.embedded.tomcat.TomcatWebServer  : Tomcat started on port 8081 (http) with context path '/'
2025-05-19T10:37:13.700+07:00  INFO 9158 --- [product-service] [main] figuration$IntegrationJmxConfiguration$1 : Registering MessageChannel rabbit-1635802595.springCloudBusInput.errors
2025-05-19T10:37:13.723+07:00  INFO 9158 --- [product-service] [main] c.ecommerce.product.ProductApplication   : Started ProductApplication in 4.865 seconds (process running for 5.613)
2025-05-19T10:37:14.201+07:00  INFO 9158 --- [product-service] [RMI TCP Connection(3)-127.0.0.1] o.a.c.c.C.[Tomcat].[localhost].[/]       : Initializing Spring DispatcherServlet 'dispatcherServlet'
2025-05-19T10:37:14.202+07:00  INFO 9158 --- [product-service] [RMI TCP Connection(3)-127.0.0.1] o.s.web.servlet.DispatcherServlet        : Initializing Servlet 'dispatcherServlet'
2025-05-19T10:37:14.212+07:00  INFO 9158 --- [product-service] [RMI TCP Connection(3)-127.0.0.1] o.s.web.servlet.DispatcherServlet        : Completed initialization in 10 ms
2025-05-19T11:18:35.589+07:00  WARN 9158 --- [product-service] [HikariPool-1 housekeeper] com.zaxxer.hikari.pool.HikariPool        : HikariPool-1 - Thread starvation or clock leap detected (housekeeper delta=15m14s693ms).
2025-05-19T12:15:55.530+07:00  INFO 9158 --- [product-service] [SpringApplicationShutdownHook] o.s.b.w.e.tomcat.GracefulShutdown        : Commencing graceful shutdown. Waiting for active requests to complete
2025-05-19T12:15:55.704+07:00  INFO 9158 --- [product-service] [tomcat-shutdown] o.s.b.w.e.tomcat.GracefulShutdown        : Graceful shutdown complete
2025-05-19T12:15:55.934+07:00  INFO 9158 --- [product-service] [SpringApplicationShutdownHook] o.s.a.r.l.SimpleMessageListenerContainer : Waiting for workers to finish.
2025-05-19T12:15:56.025+07:00  INFO 9158 --- [product-service] [SpringApplicationShutdownHook] o.s.a.r.l.SimpleMessageListenerContainer : Successfully waited for workers to finish.
2025-05-19T12:15:56.044+07:00  INFO 9158 --- [product-service] [SpringApplicationShutdownHook] o.s.i.a.i.AmqpInboundChannelAdapter      : stopped bean 'inbound.springCloudBus.anonymous.03xq9EQrSESgZT5W9qEuYw'
2025-05-19T12:15:56.116+07:00  INFO 9158 --- [product-service] [SpringApplicationShutdownHook] o.s.c.stream.binder.BinderErrorChannel   : Channel 'product-service.rabbit-1635802595.springCloudBusInput.errors' has 1 subscriber(s).
2025-05-19T12:15:56.134+07:00  INFO 9158 --- [product-service] [SpringApplicationShutdownHook] o.s.c.stream.binder.BinderErrorChannel   : Channel 'product-service.rabbit-1635802595.springCloudBusInput.errors' has 0 subscriber(s).
2025-05-19T12:15:56.849+07:00  INFO 9158 --- [product-service] [SpringApplicationShutdownHook] o.s.i.endpoint.EventDrivenConsumer       : Removing {logging-channel-adapter:_org.springframework.integration.errorLogger} as a subscriber to the 'errorChannel' channel
2025-05-19T12:15:56.850+07:00  INFO 9158 --- [product-service] [SpringApplicationShutdownHook] o.s.i.channel.PublishSubscribeChannel    : Channel 'product-service.errorChannel' has 0 subscriber(s).
2025-05-19T12:15:56.850+07:00  INFO 9158 --- [product-service] [SpringApplicationShutdownHook] o.s.i.endpoint.EventDrivenConsumer       : stopped bean '_org.springframework.integration.errorLogger'
2025-05-19T12:15:56.909+07:00  INFO 9158 --- [product-service] [SpringApplicationShutdownHook] j.LocalContainerEntityManagerFactoryBean : Closing JPA EntityManagerFactory for persistence unit 'default'
2025-05-19T12:15:57.014+07:00  INFO 9158 --- [product-service] [SpringApplicationShutdownHook] com.zaxxer.hikari.HikariDataSource       : HikariPool-1 - Shutdown initiated...
2025-05-19T12:15:57.043+07:00  INFO 9158 --- [product-service] [SpringApplicationShutdownHook] com.zaxxer.hikari.HikariDataSource       : HikariPool-1 - Shutdown completed.
