2025-05-19T10:42:09.665+07:00  INFO 9467 --- [user-service] [main] com.ecommerce.user.UserApplication       : Starting UserApplication using Java 23.0.1 with PID 9467 (/Users/phucnguyen/udemy_Microservice_Embark/practiceCode/Ecom-Microservice-Modules/user/target/classes started by phucnguyen in /Users/phucnguyen/udemy_Microservice_Embark/practiceCode/Ecom-Microservice-Modules)
2025-05-19T10:42:09.666+07:00  INFO 9467 --- [user-service] [main] com.ecommerce.user.UserApplication       : No active profile set, falling back to 1 default profile: "default"
2025-05-19T10:42:09.723+07:00  INFO 9467 --- [user-service] [main] o.s.c.c.c.ConfigServerConfigDataLoader   : Fetching config from server at : http://localhost:8888
2025-05-19T10:42:09.724+07:00  INFO 9467 --- [user-service] [main] o.s.c.c.c.ConfigServerConfigDataLoader   : Located environment: name=user-service, profiles=[default], label=null, version=null, state=null
2025-05-19T10:42:10.731+07:00  INFO 9467 --- [user-service] [main] .s.d.r.c.RepositoryConfigurationDelegate : Bootstrapping Spring Data MongoDB repositories in DEFAULT mode.
2025-05-19T10:42:10.835+07:00  INFO 9467 --- [user-service] [main] .s.d.r.c.RepositoryConfigurationDelegate : Finished Spring Data repository scanning in 98 ms. Found 1 MongoDB repository interface.
2025-05-19T10:42:10.933+07:00  INFO 9467 --- [user-service] [main] faultConfiguringBeanFactoryPostProcessor : No bean named 'errorChannel' has been explicitly defined. Therefore, a default PublishSubscribeChannel will be created.
2025-05-19T10:42:10.941+07:00  INFO 9467 --- [user-service] [main] faultConfiguringBeanFactoryPostProcessor : No bean named 'integrationHeaderChannelRegistry' has been explicitly defined. Therefore, a default DefaultHeaderChannelRegistry will be created.
2025-05-19T10:42:11.086+07:00  INFO 9467 --- [user-service] [main] o.s.cloud.context.scope.GenericScope     : BeanFactory id=5de3da92-e99e-368e-b634-64dc965e025d
2025-05-19T10:42:11.468+07:00  INFO 9467 --- [user-service] [main] o.s.b.w.embedded.tomcat.TomcatWebServer  : Tomcat initialized with port 8082 (http)
2025-05-19T10:42:11.498+07:00  INFO 9467 --- [user-service] [main] o.apache.catalina.core.StandardService   : Starting service [Tomcat]
2025-05-19T10:42:11.498+07:00  INFO 9467 --- [user-service] [main] o.apache.catalina.core.StandardEngine    : Starting Servlet engine: [Apache Tomcat/10.1.40]
2025-05-19T10:42:11.576+07:00  INFO 9467 --- [user-service] [main] o.a.c.c.C.[Tomcat].[localhost].[/]       : Initializing Spring embedded WebApplicationContext
2025-05-19T10:42:11.576+07:00  INFO 9467 --- [user-service] [main] w.s.c.ServletWebServerApplicationContext : Root WebApplicationContext: initialization completed in 1851 ms
2025-05-19T10:42:12.120+07:00  INFO 9467 --- [user-service] [main] org.mongodb.driver.client                : MongoClient with metadata {"application": {"name": "user-data"}, "driver": {"name": "mongo-java-driver|sync|spring-boot", "version": "5.2.1"}, "os": {"type": "Darwin", "name": "Mac OS X", "architecture": "aarch64", "version": "15.4.1"}, "platform": "Java/Oracle Corporation/23.0.1+11-39"} created with settings MongoClientSettings{readPreference=primary, writeConcern=WriteConcern{w=majority, wTimeout=null ms, journal=null}, retryWrites=true, retryReads=true, readConcern=ReadConcern{level=null}, credential=MongoCredential{mechanism=null, userName='phucnguyendigital2003', source='admin', password=<hidden>, mechanismProperties=<hidden>}, transportSettings=null, commandListeners=[io.micrometer.core.instrument.binder.mongodb.MongoMetricsCommandListener@20171cdc], codecRegistry=ProvidersCodecRegistry{codecProviders=[ValueCodecProvider{}, BsonValueCodecProvider{}, DBRefCodecProvider{}, DBObjectCodecProvider{}, DocumentCodecProvider{}, CollectionCodecProvider{}, IterableCodecProvider{}, MapCodecProvider{}, GeoJsonCodecProvider{}, GridFSFileCodecProvider{}, Jsr310CodecProvider{}, JsonObjectCodecProvider{}, BsonCodecProvider{}, EnumCodecProvider{}, com.mongodb.client.model.mql.ExpressionCodecProvider@58f97013, com.mongodb.Jep395RecordCodecProvider@7d70ba18, com.mongodb.KotlinCodecProvider@6a07e6ca]}, loggerSettings=LoggerSettings{maxDocumentLength=1000}, clusterSettings={hosts=[127.0.0.1:27017], srvHost=user-data.rim7ork.mongodb.net, srvServiceName=mongodb, mode=MULTIPLE, requiredClusterType=REPLICA_SET, requiredReplicaSetName='atlas-kb0j6f-shard-0', serverSelector='null', clusterListeners='[]', serverSelectionTimeout='30000 ms', localThreshold='15 ms'}, socketSettings=SocketSettings{connectTimeoutMS=10000, readTimeoutMS=0, receiveBufferSize=0, proxySettings=ProxySettings{host=null, port=null, username=null, password=null}}, heartbeatSocketSettings=SocketSettings{connectTimeoutMS=10000, readTimeoutMS=10000, receiveBufferSize=0, proxySettings=ProxySettings{host=null, port=null, username=null, password=null}}, connectionPoolSettings=ConnectionPoolSettings{maxSize=100, minSize=0, maxWaitTimeMS=120000, maxConnectionLifeTimeMS=0, maxConnectionIdleTimeMS=0, maintenanceInitialDelayMS=0, maintenanceFrequencyMS=60000, connectionPoolListeners=[io.micrometer.core.instrument.binder.mongodb.MongoMetricsConnectionPoolListener@726ef6aa], maxConnecting=2}, serverSettings=ServerSettings{heartbeatFrequencyMS=10000, minHeartbeatFrequencyMS=500, serverMonitoringMode=AUTO, serverListeners='[]', serverMonitorListeners='[]'}, sslSettings=SslSettings{enabled=true, invalidHostNameAllowed=false, context=null}, applicationName='user-data', compressorList=[], uuidRepresentation=JAVA_LEGACY, serverApi=null, autoEncryptionSettings=null, dnsClient=null, inetAddressResolver=null, contextProvider=null, timeoutMS=null}
2025-05-19T10:42:12.181+07:00  INFO 9467 --- [user-service] [cluster-ClusterId{value='682aa8945f1dcf311030d406', description='user-data'}-srv-user-data.rim7ork.mongodb.net] org.mongodb.driver.cluster               : Adding discovered server ac-anfp55n-shard-00-00.rim7ork.mongodb.net:27017 to client view of cluster
2025-05-19T10:42:12.236+07:00  INFO 9467 --- [user-service] [cluster-ClusterId{value='682aa8945f1dcf311030d406', description='user-data'}-srv-user-data.rim7ork.mongodb.net] org.mongodb.driver.cluster               : Adding discovered server ac-anfp55n-shard-00-01.rim7ork.mongodb.net:27017 to client view of cluster
2025-05-19T10:42:12.237+07:00  INFO 9467 --- [user-service] [cluster-ClusterId{value='682aa8945f1dcf311030d406', description='user-data'}-srv-user-data.rim7ork.mongodb.net] org.mongodb.driver.cluster               : Adding discovered server ac-anfp55n-shard-00-02.rim7ork.mongodb.net:27017 to client view of cluster
2025-05-19T10:42:13.157+07:00  INFO 9467 --- [user-service] [cluster-ClusterId{value='682aa8945f1dcf311030d406', description='user-data'}-ac-anfp55n-shard-00-01.rim7ork.mongodb.net:27017] org.mongodb.driver.cluster               : Monitor thread successfully connected to server with description ServerDescription{address=ac-anfp55n-shard-00-01.rim7ork.mongodb.net:27017, type=REPLICA_SET_PRIMARY, cryptd=false, state=CONNECTED, ok=true, minWireVersion=0, maxWireVersion=25, maxDocumentSize=16777216, logicalSessionTimeoutMinutes=30, roundTripTimeNanos=459852417, minRoundTripTimeNanos=0, setName='atlas-kb0j6f-shard-0', canonicalAddress=ac-anfp55n-shard-00-01.rim7ork.mongodb.net:27017, hosts=[ac-anfp55n-shard-00-00.rim7ork.mongodb.net:27017, ac-anfp55n-shard-00-01.rim7ork.mongodb.net:27017, ac-anfp55n-shard-00-02.rim7ork.mongodb.net:27017], passives=[], arbiters=[], primary='ac-anfp55n-shard-00-01.rim7ork.mongodb.net:27017', tagSet=TagSet{[Tag{name='availabilityZone', value='apse1-az2'}, Tag{name='diskState', value='READY'}, Tag{name='nodeType', value='ELECTABLE'}, Tag{name='provider', value='AWS'}, Tag{name='region', value='AP_SOUTHEAST_1'}, Tag{name='workloadType', value='OPERATIONAL'}]}, electionId=7fffffff0000000000000015, setVersion=1, topologyVersion=TopologyVersion{processId=682342d4015d06b7aef66487, counter=6}, lastWriteDate=Mon May 19 10:42:02 GMT+07:00 2025, lastUpdateTimeNanos=874687727329375}
2025-05-19T10:42:13.159+07:00  INFO 9467 --- [user-service] [cluster-ClusterId{value='682aa8945f1dcf311030d406', description='user-data'}-ac-anfp55n-shard-00-02.rim7ork.mongodb.net:27017] org.mongodb.driver.cluster               : Monitor thread successfully connected to server with description ServerDescription{address=ac-anfp55n-shard-00-02.rim7ork.mongodb.net:27017, type=REPLICA_SET_SECONDARY, cryptd=false, state=CONNECTED, ok=true, minWireVersion=0, maxWireVersion=25, maxDocumentSize=16777216, logicalSessionTimeoutMinutes=30, roundTripTimeNanos=450249209, minRoundTripTimeNanos=0, setName='atlas-kb0j6f-shard-0', canonicalAddress=ac-anfp55n-shard-00-02.rim7ork.mongodb.net:27017, hosts=[ac-anfp55n-shard-00-00.rim7ork.mongodb.net:27017, ac-anfp55n-shard-00-01.rim7ork.mongodb.net:27017, ac-anfp55n-shard-00-02.rim7ork.mongodb.net:27017], passives=[], arbiters=[], primary='ac-anfp55n-shard-00-01.rim7ork.mongodb.net:27017', tagSet=TagSet{[Tag{name='availabilityZone', value='apse1-az3'}, Tag{name='diskState', value='READY'}, Tag{name='nodeType', value='ELECTABLE'}, Tag{name='provider', value='AWS'}, Tag{name='region', value='AP_SOUTHEAST_1'}, Tag{name='workloadType', value='OPERATIONAL'}]}, electionId=null, setVersion=1, topologyVersion=TopologyVersion{processId=682343016aa8bee8a5ba6075, counter=3}, lastWriteDate=Mon May 19 10:42:02 GMT+07:00 2025, lastUpdateTimeNanos=874687727329375}
2025-05-19T10:42:13.157+07:00  INFO 9467 --- [user-service] [cluster-ClusterId{value='682aa8945f1dcf311030d406', description='user-data'}-ac-anfp55n-shard-00-00.rim7ork.mongodb.net:27017] org.mongodb.driver.cluster               : Monitor thread successfully connected to server with description ServerDescription{address=ac-anfp55n-shard-00-00.rim7ork.mongodb.net:27017, type=REPLICA_SET_SECONDARY, cryptd=false, state=CONNECTED, ok=true, minWireVersion=0, maxWireVersion=25, maxDocumentSize=16777216, logicalSessionTimeoutMinutes=30, roundTripTimeNanos=455752917, minRoundTripTimeNanos=0, setName='atlas-kb0j6f-shard-0', canonicalAddress=ac-anfp55n-shard-00-00.rim7ork.mongodb.net:27017, hosts=[ac-anfp55n-shard-00-00.rim7ork.mongodb.net:27017, ac-anfp55n-shard-00-01.rim7ork.mongodb.net:27017, ac-anfp55n-shard-00-02.rim7ork.mongodb.net:27017], passives=[], arbiters=[], primary='ac-anfp55n-shard-00-01.rim7ork.mongodb.net:27017', tagSet=TagSet{[Tag{name='availabilityZone', value='apse1-az1'}, Tag{name='diskState', value='READY'}, Tag{name='nodeType', value='ELECTABLE'}, Tag{name='provider', value='AWS'}, Tag{name='region', value='AP_SOUTHEAST_1'}, Tag{name='workloadType', value='OPERATIONAL'}]}, electionId=null, setVersion=1, topologyVersion=TopologyVersion{processId=682342a6bdbcc15390951988, counter=4}, lastWriteDate=Mon May 19 10:42:02 GMT+07:00 2025, lastUpdateTimeNanos=874687727329125}
2025-05-19T10:42:13.163+07:00  INFO 9467 --- [user-service] [cluster-ClusterId{value='682aa8945f1dcf311030d406', description='user-data'}-ac-anfp55n-shard-00-01.rim7ork.mongodb.net:27017] org.mongodb.driver.cluster               : Discovered replica set primary ac-anfp55n-shard-00-01.rim7ork.mongodb.net:27017 with max election id 7fffffff0000000000000015 and max set version 1
2025-05-19T10:42:13.508+07:00  INFO 9467 --- [user-service] [main] o.s.c.s.m.DirectWithAttributesChannel    : Channel 'user-service.springCloudBusInput' has 1 subscriber(s).
2025-05-19T10:42:13.700+07:00  INFO 9467 --- [user-service] [main] o.s.b.a.e.web.EndpointLinksResolver      : Exposing 25 endpoints beneath base path '/actuator'
2025-05-19T10:42:13.921+07:00  INFO 9467 --- [user-service] [main] figuration$IntegrationJmxConfiguration$1 : Registering MessageChannel errorChannel
2025-05-19T10:42:13.935+07:00  INFO 9467 --- [user-service] [main] figuration$IntegrationJmxConfiguration$1 : Registering MessageChannel springCloudBusInput
2025-05-19T10:42:13.945+07:00  INFO 9467 --- [user-service] [main] figuration$IntegrationJmxConfiguration$1 : Registering MessageChannel nullChannel
2025-05-19T10:42:13.948+07:00  INFO 9467 --- [user-service] [main] figuration$IntegrationJmxConfiguration$1 : Registering MessageHandler _org.springframework.integration.errorLogger
2025-05-19T10:42:13.961+07:00  INFO 9467 --- [user-service] [main] o.s.i.endpoint.EventDrivenConsumer       : Adding {logging-channel-adapter:_org.springframework.integration.errorLogger} as a subscriber to the 'errorChannel' channel
2025-05-19T10:42:13.961+07:00  INFO 9467 --- [user-service] [main] o.s.i.channel.PublishSubscribeChannel    : Channel 'user-service.errorChannel' has 1 subscriber(s).
2025-05-19T10:42:13.962+07:00  INFO 9467 --- [user-service] [main] o.s.i.endpoint.EventDrivenConsumer       : started bean '_org.springframework.integration.errorLogger'
2025-05-19T10:42:14.073+07:00  INFO 9467 --- [user-service] [main] o.s.c.s.binder.DefaultBinderFactory      : Creating binder: rabbit
2025-05-19T10:42:14.073+07:00  INFO 9467 --- [user-service] [main] o.s.c.s.binder.DefaultBinderFactory      : Constructing binder child context for rabbit
2025-05-19T10:42:14.298+07:00  INFO 9467 --- [user-service] [main] o.s.c.s.binder.DefaultBinderFactory      : Caching the binder: rabbit
2025-05-19T10:42:14.360+07:00  INFO 9467 --- [user-service] [main] c.s.b.r.p.RabbitExchangeQueueProvisioner : declaring queue for inbound: springCloudBus.anonymous._-_pDhPyQOeuVjtOKINFgA, bound to: springCloudBus
2025-05-19T10:42:14.368+07:00  INFO 9467 --- [user-service] [main] o.s.a.r.c.CachingConnectionFactory       : Attempting to connect to: [localhost:5672]
2025-05-19T10:42:14.652+07:00  INFO 9467 --- [user-service] [main] o.s.a.r.c.CachingConnectionFactory       : Created new connection: rabbitConnectionFactory#52a2e2fb:0/SimpleConnection@75a5a912 [delegate=amqp://guest@127.0.0.1:5672/, localPort=55253]
2025-05-19T10:42:14.820+07:00  INFO 9467 --- [user-service] [main] o.s.c.stream.binder.BinderErrorChannel   : Channel 'rabbit-1573832937.springCloudBusInput.errors' has 1 subscriber(s).
2025-05-19T10:42:14.821+07:00  INFO 9467 --- [user-service] [main] o.s.c.stream.binder.BinderErrorChannel   : Channel 'rabbit-1573832937.springCloudBusInput.errors' has 2 subscriber(s).
2025-05-19T10:42:14.857+07:00  INFO 9467 --- [user-service] [main] o.s.i.a.i.AmqpInboundChannelAdapter      : started bean 'inbound.springCloudBus.anonymous._-_pDhPyQOeuVjtOKINFgA'
2025-05-19T10:42:14.877+07:00  INFO 9467 --- [user-service] [main] o.s.b.w.embedded.tomcat.TomcatWebServer  : Tomcat started on port 8082 (http) with context path '/'
2025-05-19T10:42:14.906+07:00  INFO 9467 --- [user-service] [main] figuration$IntegrationJmxConfiguration$1 : Registering MessageChannel rabbit-1573832937.springCloudBusInput.errors
2025-05-19T10:42:14.948+07:00  INFO 9467 --- [user-service] [main] com.ecommerce.user.UserApplication       : Started UserApplication in 7.173 seconds (process running for 8.612)
2025-05-19T10:42:16.050+07:00  INFO 9467 --- [user-service] [RMI TCP Connection(1)-127.0.0.1] o.a.c.c.C.[Tomcat].[localhost].[/]       : Initializing Spring DispatcherServlet 'dispatcherServlet'
2025-05-19T10:42:16.215+07:00  INFO 9467 --- [user-service] [RMI TCP Connection(1)-127.0.0.1] o.s.web.servlet.DispatcherServlet        : Initializing Servlet 'dispatcherServlet'
2025-05-19T10:42:16.225+07:00  INFO 9467 --- [user-service] [RMI TCP Connection(1)-127.0.0.1] o.s.web.servlet.DispatcherServlet        : Completed initialization in 10 ms
2025-05-19T11:18:18.994+07:00  INFO 9467 --- [user-service] [cluster-ClusterId{value='682aa8945f1dcf311030d406', description='user-data'}-ac-anfp55n-shard-00-00.rim7ork.mongodb.net:27017] org.mongodb.driver.cluster               : Exception in monitor thread while connecting to server ac-anfp55n-shard-00-00.rim7ork.mongodb.net:27017

com.mongodb.MongoSocketReadTimeoutException: Timeout while receiving message
	at com.mongodb.internal.connection.InternalStreamConnection.createReadTimeoutException(InternalStreamConnection.java:824) ~[mongodb-driver-core-5.2.1.jar:na]
	at com.mongodb.internal.connection.InternalStreamConnection.translateReadException(InternalStreamConnection.java:812) ~[mongodb-driver-core-5.2.1.jar:na]
	at com.mongodb.internal.connection.InternalStreamConnection.receiveResponseBuffers(InternalStreamConnection.java:862) ~[mongodb-driver-core-5.2.1.jar:na]
	at com.mongodb.internal.connection.InternalStreamConnection.receiveCommandMessageResponse(InternalStreamConnection.java:517) ~[mongodb-driver-core-5.2.1.jar:na]
	at com.mongodb.internal.connection.InternalStreamConnection.receive(InternalStreamConnection.java:469) ~[mongodb-driver-core-5.2.1.jar:na]
	at com.mongodb.internal.connection.DefaultServerMonitor$ServerMonitor.lookupServerDescription(DefaultServerMonitor.java:249) ~[mongodb-driver-core-5.2.1.jar:na]
	at com.mongodb.internal.connection.DefaultServerMonitor$ServerMonitor.run(DefaultServerMonitor.java:176) ~[mongodb-driver-core-5.2.1.jar:na]
Caused by: java.net.SocketTimeoutException: Read timed out
	at java.base/sun.nio.ch.NioSocketImpl.timedRead(NioSocketImpl.java:278) ~[na:na]
	at java.base/sun.nio.ch.NioSocketImpl.implRead(NioSocketImpl.java:304) ~[na:na]
	at java.base/sun.nio.ch.NioSocketImpl.read(NioSocketImpl.java:346) ~[na:na]
	at java.base/sun.nio.ch.NioSocketImpl$1.read(NioSocketImpl.java:796) ~[na:na]
	at java.base/java.net.Socket$SocketInputStream.implRead(Socket.java:1116) ~[na:na]
	at java.base/java.net.Socket$SocketInputStream.read(Socket.java:1103) ~[na:na]
	at java.base/sun.security.ssl.SSLSocketInputRecord.read(SSLSocketInputRecord.java:489) ~[na:na]
	at java.base/sun.security.ssl.SSLSocketInputRecord.readHeader(SSLSocketInputRecord.java:483) ~[na:na]
	at java.base/sun.security.ssl.SSLSocketInputRecord.bytesInCompletePacket(SSLSocketInputRecord.java:70) ~[na:na]
	at java.base/sun.security.ssl.SSLSocketImpl.readApplicationRecord(SSLSocketImpl.java:1462) ~[na:na]
	at java.base/sun.security.ssl.SSLSocketImpl$AppInputStream.read(SSLSocketImpl.java:1068) ~[na:na]
	at com.mongodb.internal.connection.SocketStream.read(SocketStream.java:182) ~[mongodb-driver-core-5.2.1.jar:na]
	at com.mongodb.internal.connection.InternalStreamConnection.receiveResponseBuffers(InternalStreamConnection.java:829) ~[mongodb-driver-core-5.2.1.jar:na]
	... 4 common frames omitted

2025-05-19T11:18:19.330+07:00  INFO 9467 --- [user-service] [cluster-ClusterId{value='682aa8945f1dcf311030d406', description='user-data'}-ac-anfp55n-shard-00-00.rim7ork.mongodb.net:27017] org.mongodb.driver.cluster               : Monitor thread successfully connected to server with description ServerDescription{address=ac-anfp55n-shard-00-00.rim7ork.mongodb.net:27017, type=REPLICA_SET_SECONDARY, cryptd=false, state=CONNECTED, ok=true, minWireVersion=0, maxWireVersion=25, maxDocumentSize=16777216, logicalSessionTimeoutMinutes=30, roundTripTimeNanos=161342083, minRoundTripTimeNanos=0, setName='atlas-kb0j6f-shard-0', canonicalAddress=ac-anfp55n-shard-00-00.rim7ork.mongodb.net:27017, hosts=[ac-anfp55n-shard-00-00.rim7ork.mongodb.net:27017, ac-anfp55n-shard-00-01.rim7ork.mongodb.net:27017, ac-anfp55n-shard-00-02.rim7ork.mongodb.net:27017], passives=[], arbiters=[], primary='ac-anfp55n-shard-00-01.rim7ork.mongodb.net:27017', tagSet=TagSet{[Tag{name='availabilityZone', value='apse1-az1'}, Tag{name='diskState', value='READY'}, Tag{name='nodeType', value='ELECTABLE'}, Tag{name='provider', value='AWS'}, Tag{name='region', value='AP_SOUTHEAST_1'}, Tag{name='workloadType', value='OPERATIONAL'}]}, electionId=null, setVersion=1, topologyVersion=TopologyVersion{processId=682342a6bdbcc15390951988, counter=4}, lastWriteDate=Mon May 19 11:18:16 GMT+07:00 2025, lastUpdateTimeNanos=875960045006125}
2025-05-19T12:15:55.262+07:00  INFO 9467 --- [user-service] [SpringApplicationShutdownHook] o.s.b.w.e.tomcat.GracefulShutdown        : Commencing graceful shutdown. Waiting for active requests to complete
2025-05-19T12:15:55.344+07:00  INFO 9467 --- [user-service] [tomcat-shutdown] o.s.b.w.e.tomcat.GracefulShutdown        : Graceful shutdown complete
2025-05-19T12:15:55.716+07:00  INFO 9467 --- [user-service] [SpringApplicationShutdownHook] o.s.a.r.l.SimpleMessageListenerContainer : Waiting for workers to finish.
2025-05-19T12:15:56.342+07:00  INFO 9467 --- [user-service] [SpringApplicationShutdownHook] o.s.a.r.l.SimpleMessageListenerContainer : Successfully waited for workers to finish.
2025-05-19T12:15:56.350+07:00  INFO 9467 --- [user-service] [SpringApplicationShutdownHook] o.s.i.a.i.AmqpInboundChannelAdapter      : stopped bean 'inbound.springCloudBus.anonymous._-_pDhPyQOeuVjtOKINFgA'
2025-05-19T12:15:56.384+07:00  INFO 9467 --- [user-service] [SpringApplicationShutdownHook] o.s.c.stream.binder.BinderErrorChannel   : Channel 'user-service.rabbit-1573832937.springCloudBusInput.errors' has 1 subscriber(s).
2025-05-19T12:15:56.388+07:00  INFO 9467 --- [user-service] [SpringApplicationShutdownHook] o.s.c.stream.binder.BinderErrorChannel   : Channel 'user-service.rabbit-1573832937.springCloudBusInput.errors' has 0 subscriber(s).
2025-05-19T12:15:56.699+07:00  INFO 9467 --- [user-service] [SpringApplicationShutdownHook] o.s.i.endpoint.EventDrivenConsumer       : Removing {logging-channel-adapter:_org.springframework.integration.errorLogger} as a subscriber to the 'errorChannel' channel
2025-05-19T12:15:56.699+07:00  INFO 9467 --- [user-service] [SpringApplicationShutdownHook] o.s.i.channel.PublishSubscribeChannel    : Channel 'user-service.errorChannel' has 0 subscriber(s).
2025-05-19T12:15:56.700+07:00  INFO 9467 --- [user-service] [SpringApplicationShutdownHook] o.s.i.endpoint.EventDrivenConsumer       : stopped bean '_org.springframework.integration.errorLogger'
